# JRE version: Java(TM) SE Runtime Environment (8.0_291-b10) (build 1.8.0_291-b10)
# Java VM: Java HotSpot(TM) 64-Bit Server VM (25.291-b10 mixed mode windows-amd64 compressed oops)
Heap:
 def new generation   total 8064K, used 6958K [0x00000000e6000000, 0x00000000e68c0000, 0x00000000eeaa0000)
  eden space 7168K,  85% used [0x00000000e6000000, 0x00000000e6603bf0, 0x00000000e6700000)
  from space 896K,  89% used [0x00000000e6700000, 0x00000000e67c7d50, 0x00000000e67e0000)
  to   space 896K,   0% used [0x00000000e67e0000, 0x00000000e67e0000, 0x00000000e68c0000)
 tenured generation   total 34180K, used 23554K [0x00000000eeaa0000, 0x00000000f0c01000, 0x0000000100000000)
   the space 34180K,  68% used [0x00000000eeaa0000, 0x00000000f01a0918, 0x00000000f01a0a00, 0x00000000f0c01000)
 Metaspace       used 26411K, capacity 27582K, committed 27904K, reserved 1073152K
  class space    used 3430K, capacity 3775K, committed 3840K, reserved 1048576K
GC Heap History (10 events):
Event: 14.824 GC heap before
{Heap before GC invocations=12 (full 1):
 def new generation   total 8064K, used 8061K [0x00000000e6000000, 0x00000000e68c0000, 0x00000000eeaa0000)
  eden space 7168K, 100% used [0x00000000e6000000, 0x00000000e6700000, 0x00000000e6700000)
  from space 896K,  99% used [0x00000000e67e0000, 0x00000000e68bf608, 0x00000000e68c0000)
  to   space 896K,   0% used [0x00000000e6700000, 0x00000000e6700000, 0x00000000e67e0000)
 tenured generation   total 17792K, used 7620K [0x00000000eeaa0000, 0x00000000efc00000, 0x0000000100000000)
   the space 17792K,  42% used [0x00000000eeaa0000, 0x00000000ef211138, 0x00000000ef211200, 0x00000000efc00000)
 Metaspace       used 22172K, capacity 23178K, committed 23424K, reserved 1069056K
  class space    used 2883K, capacity 3149K, committed 3200K, reserved 1048576K
Event: 14.829 GC heap after
Heap after GC invocations=13 (full 1):
 def new generation   total 8064K, used 895K [0x00000000e6000000, 0x00000000e68c0000, 0x00000000eeaa0000)
  eden space 7168K,   0% used [0x00000000e6000000, 0x00000000e6000000, 0x00000000e6700000)
  from space 896K,  99% used [0x00000000e6700000, 0x00000000e67dfe58, 0x00000000e67e0000)
  to   space 896K,   0% used [0x00000000e67e0000, 0x00000000e67e0000, 0x00000000e68c0000)
 tenured generation   total 17792K, used 7800K [0x00000000eeaa0000, 0x00000000efc00000, 0x0000000100000000)
   the space 17792K,  43% used [0x00000000eeaa0000, 0x00000000ef23e230, 0x00000000ef23e400, 0x00000000efc00000)
 Metaspace       used 22172K, capacity 23178K, committed 23424K, reserved 1069056K
  class space    used 2883K, capacity 3149K, committed 3200K, reserved 1048576K
}
Event: 14.840 GC heap before
{Heap before GC invocations=13 (full 1):
 def new generation   total 8064K, used 1047K [0x00000000e6000000, 0x00000000e68c0000, 0x00000000eeaa0000)
  eden space 7168K,   2% used [0x00000000e6000000, 0x00000000e6025ec8, 0x00000000e6700000)
  from space 896K,  99% used [0x00000000e6700000, 0x00000000e67dfe58, 0x00000000e67e0000)
  to   space 896K,   0% used [0x00000000e67e0000, 0x00000000e67e0000, 0x00000000e68c0000)
 tenured generation   total 17792K, used 7800K [0x00000000eeaa0000, 0x00000000efc00000, 0x0000000100000000)
   the space 17792K,  43% used [0x00000000eeaa0000, 0x00000000ef23e230, 0x00000000ef23e400, 0x00000000efc00000)
 Metaspace       used 22187K, capacity 23242K, committed 23424K, reserved 1069056K
  class space    used 2886K, capacity 3149K, committed 3200K, reserved 1048576K
Event: 14.876 GC heap after
Heap after GC invocations=14 (full 2):
 def new generation   total 8064K, used 0K [0x00000000e6000000, 0x00000000e68c0000, 0x00000000eeaa0000)
  eden space 7168K,   0% used [0x00000000e6000000, 0x00000000e6000000, 0x00000000e6700000)
  from space 896K,   0% used [0x00000000e67e0000, 0x00000000e67e0000, 0x00000000e68c0000)
  to   space 896K,   0% used [0x00000000e6700000, 0x00000000e6700000, 0x00000000e67e0000)
 tenured generation   total 17792K, used 6561K [0x00000000eeaa0000, 0x00000000efc00000, 0x0000000100000000)
   the space 17792K,  36% used [0x00000000eeaa0000, 0x00000000ef1087f0, 0x00000000ef108800, 0x00000000efc00000)
 Metaspace       used 22187K, capacity 23242K, committed 23424K, reserved 1069056K
  class space    used 2886K, capacity 3149K, committed 3200K, reserved 1048576K
}
Event: 24.555 GC heap before
{Heap before GC invocations=14 (full 2):
 def new generation   total 8064K, used 7168K [0x00000000e6000000, 0x00000000e68c0000, 0x00000000eeaa0000)
  eden space 7168K, 100% used [0x00000000e6000000, 0x00000000e6700000, 0x00000000e6700000)
  from space 896K,   0% used [0x00000000e67e0000, 0x00000000e67e0000, 0x00000000e68c0000)
  to   space 896K,   0% used [0x00000000e6700000, 0x00000000e6700000, 0x00000000e67e0000)
 tenured generation   total 34180K, used 22946K [0x00000000eeaa0000, 0x00000000f0c01000, 0x0000000100000000)
   the space 34180K,  67% used [0x00000000eeaa0000, 0x00000000f0108800, 0x00000000f0108800, 0x00000000f0c01000)
 Metaspace       used 23272K, capacity 24294K, committed 24576K, reserved 1071104K
  class space    used 3050K, capacity 3299K, committed 3328K, reserved 1048576K
Event: 24.561 GC heap after
Heap after GC invocations=15 (full 2):
 def new generation   total 8064K, used 896K [0x00000000e6000000, 0x00000000e68c0000, 0x00000000eeaa0000)
  eden space 7168K,   0% used [0x00000000e6000000, 0x00000000e6000000, 0x00000000e6700000)
  from space 896K, 100% used [0x00000000e6700000, 0x00000000e67e0000, 0x00000000e67e0000)
  to   space 896K,   0% used [0x00000000e67e0000, 0x00000000e67e0000, 0x00000000e68c0000)
 tenured generation   total 34180K, used 23048K [0x00000000eeaa0000, 0x00000000f0c01000, 0x0000000100000000)
   the space 34180K,  67% used [0x00000000eeaa0000, 0x00000000f0122258, 0x00000000f0122400, 0x00000000f0c01000)
 Metaspace       used 23272K, capacity 24294K, committed 24576K, reserved 1071104K
  class space    used 3050K, capacity 3299K, committed 3328K, reserved 1048576K
}
Event: 25.084 GC heap before
{Heap before GC invocations=15 (full 2):
 def new generation   total 8064K, used 8064K [0x00000000e6000000, 0x00000000e68c0000, 0x00000000eeaa0000)
  eden space 7168K, 100% used [0x00000000e6000000, 0x00000000e6700000, 0x00000000e6700000)
  from space 896K, 100% used [0x00000000e6700000, 0x00000000e67e0000, 0x00000000e67e0000)
  to   space 896K,   0% used [0x00000000e67e0000, 0x00000000e67e0000, 0x00000000e68c0000)
 tenured generation   total 34180K, used 23048K [0x00000000eeaa0000, 0x00000000f0c01000, 0x0000000100000000)
   the space 34180K,  67% used [0x00000000eeaa0000, 0x00000000f0122258, 0x00000000f0122400, 0x00000000f0c01000)
 Metaspace       used 24224K, capacity 25318K, committed 25472K, reserved 1071104K
  class space    used 3147K, capacity 3427K, committed 3456K, reserved 1048576K
Event: 25.088 GC heap after
Heap after GC invocations=16 (full 2):
 def new generation   total 8064K, used 895K [0x00000000e6000000, 0x00000000e68c0000, 0x00000000eeaa0000)
  eden space 7168K,   0% used [0x00000000e6000000, 0x00000000e6000000, 0x00000000e6700000)
  from space 896K,  99% used [0x00000000e67e0000, 0x00000000e68bffe8, 0x00000000e68c0000)
  to   space 896K,   0% used [0x00000000e6700000, 0x00000000e6700000, 0x00000000e67e0000)
 tenured generation   total 34180K, used 23267K [0x00000000eeaa0000, 0x00000000f0c01000, 0x0000000100000000)
   the space 34180K,  68% used [0x00000000eeaa0000, 0x00000000f0158ce8, 0x00000000f0158e00, 0x00000000f0c01000)
 Metaspace       used 24224K, capacity 25318K, committed 25472K, reserved 1071104K
  class space    used 3147K, capacity 3427K, committed 3456K, reserved 1048576K
}
Event: 25.764 GC heap before
{Heap before GC invocations=16 (full 2):
 def new generation   total 8064K, used 8063K [0x00000000e6000000, 0x00000000e68c0000, 0x00000000eeaa0000)
  eden space 7168K, 100% used [0x00000000e6000000, 0x00000000e6700000, 0x00000000e6700000)
  from space 896K,  99% used [0x00000000e67e0000, 0x00000000e68bffe8, 0x00000000e68c0000)
  to   space 896K,   0% used [0x00000000e6700000, 0x00000000e6700000, 0x00000000e67e0000)
 tenured generation   total 34180K, used 23267K [0x00000000eeaa0000, 0x00000000f0c01000, 0x0000000100000000)
   the space 34180K,  68% used [0x00000000eeaa0000, 0x00000000f0158ce8, 0x00000000f0158e00, 0x00000000f0c01000)
 Metaspace       used 25542K, capacity 26666K, committed 27008K, reserved 1073152K
  class space    used 3306K, capacity 3589K, committed 3712K, reserved 1048576K
Event: 25.768 GC heap after
Heap after GC invocations=17 (full 2):
 def new generation   total 8064K, used 799K [0x00000000e6000000, 0x00000000e68c0000, 0x00000000eeaa0000)
  eden space 7168K,   0% used [0x00000000e6000000, 0x00000000e6000000, 0x00000000e6700000)
  from space 896K,  89% used [0x00000000e6700000, 0x00000000e67c7d50, 0x00000000e67e0000)
  to   space 896K,   0% used [0x00000000e67e0000, 0x00000000e67e0000, 0x00000000e68c0000)
 tenured generation   total 34180K, used 23554K [0x00000000eeaa0000, 0x00000000f0c01000, 0x0000000100000000)
   the space 34180K,  68% used [0x00000000eeaa0000, 0x00000000f01a0918, 0x00000000f01a0a00, 0x00000000f0c01000)
 Metaspace       used 25542K, capacity 26666K, committed 27008K, reserved 1073152K
  class space    used 3306K, capacity 3589K, committed 3712K, reserved 1048576K
}

