# JRE version: Java(TM) SE Runtime Environment (8.0_291-b10) (build 1.8.0_291-b10)
# Java VM: Java HotSpot(TM) 64-Bit Server VM (25.291-b10 mixed mode windows-amd64 compressed oops)
Heap:
 def new generation   total 8000K, used 7298K [0x00000000e6000000, 0x00000000e68a0000, 0x00000000eeaa0000)
  eden space 7168K,  90% used [0x00000000e6000000, 0x00000000e6650aa0, 0x00000000e6700000)
  from space 832K,  99% used [0x00000000e67d0000, 0x00000000e689fff8, 0x00000000e68a0000)
  to   space 832K,   0% used [0x00000000e6700000, 0x00000000e6700000, 0x00000000e67d0000)
 tenured generation   total 17792K, used 7293K [0x00000000eeaa0000, 0x00000000efc00000, 0x0000000100000000)
   the space 17792K,  40% used [0x00000000eeaa0000, 0x00000000ef1bf570, 0x00000000ef1bf600, 0x00000000efc00000)
 Metaspace       used 16573K, capacity 17078K, committed 17408K, reserved 1064960K
  class space    used 2035K, capacity 2189K, committed 2304K, reserved 1048576K
GC Heap History (10 events):
Event: 4.697 GC heap before
{Heap before GC invocations=2 (full 0):
 def new generation   total 8000K, used 7999K [0x00000000e6000000, 0x00000000e68a0000, 0x00000000eeaa0000)
  eden space 7168K, 100% used [0x00000000e6000000, 0x00000000e6700000, 0x00000000e6700000)
  from space 832K,  99% used [0x00000000e6700000, 0x00000000e67cfff8, 0x00000000e67d0000)
  to   space 832K,   0% used [0x00000000e67d0000, 0x00000000e67d0000, 0x00000000e68a0000)
 tenured generation   total 17792K, used 2675K [0x00000000eeaa0000, 0x00000000efc00000, 0x0000000100000000)
   the space 17792K,  15% used [0x00000000eeaa0000, 0x00000000eed3cfb8, 0x00000000eed3d000, 0x00000000efc00000)
 Metaspace       used 10976K, capacity 11390K, committed 11520K, reserved 1058816K
  class space    used 1331K, capacity 1457K, committed 1536K, reserved 1048576K
Event: 4.704 GC heap after
Heap after GC invocations=3 (full 0):
 def new generation   total 8000K, used 831K [0x00000000e6000000, 0x00000000e68a0000, 0x00000000eeaa0000)
  eden space 7168K,   0% used [0x00000000e6000000, 0x00000000e6000000, 0x00000000e6700000)
  from space 832K,  99% used [0x00000000e67d0000, 0x00000000e689fff0, 0x00000000e68a0000)
  to   space 832K,   0% used [0x00000000e6700000, 0x00000000e6700000, 0x00000000e67d0000)
 tenured generation   total 17792K, used 3760K [0x00000000eeaa0000, 0x00000000efc00000, 0x0000000100000000)
   the space 17792K,  21% used [0x00000000eeaa0000, 0x00000000eee4c290, 0x00000000eee4c400, 0x00000000efc00000)
 Metaspace       used 10976K, capacity 11390K, committed 11520K, reserved 1058816K
  class space    used 1331K, capacity 1457K, committed 1536K, reserved 1048576K
}
Event: 5.070 GC heap before
{Heap before GC invocations=3 (full 0):
 def new generation   total 8000K, used 7999K [0x00000000e6000000, 0x00000000e68a0000, 0x00000000eeaa0000)
  eden space 7168K, 100% used [0x00000000e6000000, 0x00000000e6700000, 0x00000000e6700000)
  from space 832K,  99% used [0x00000000e67d0000, 0x00000000e689fff0, 0x00000000e68a0000)
  to   space 832K,   0% used [0x00000000e6700000, 0x00000000e6700000, 0x00000000e67d0000)
 tenured generation   total 17792K, used 3760K [0x00000000eeaa0000, 0x00000000efc00000, 0x0000000100000000)
   the space 17792K,  21% used [0x00000000eeaa0000, 0x00000000eee4c290, 0x00000000eee4c400, 0x00000000efc00000)
 Metaspace       used 12175K, capacity 12596K, committed 12928K, reserved 1060864K
  class space    used 1498K, capacity 1622K, committed 1664K, reserved 1048576K
Event: 5.076 GC heap after
Heap after GC invocations=4 (full 0):
 def new generation   total 8000K, used 832K [0x00000000e6000000, 0x00000000e68a0000, 0x00000000eeaa0000)
  eden space 7168K,   0% used [0x00000000e6000000, 0x00000000e6000000, 0x00000000e6700000)
  from space 832K, 100% used [0x00000000e6700000, 0x00000000e67d0000, 0x00000000e67d0000)
  to   space 832K,   0% used [0x00000000e67d0000, 0x00000000e67d0000, 0x00000000e68a0000)
 tenured generation   total 17792K, used 4613K [0x00000000eeaa0000, 0x00000000efc00000, 0x0000000100000000)
   the space 17792K,  25% used [0x00000000eeaa0000, 0x00000000eef216e8, 0x00000000eef21800, 0x00000000efc00000)
 Metaspace       used 12175K, capacity 12596K, committed 12928K, reserved 1060864K
  class space    used 1498K, capacity 1622K, committed 1664K, reserved 1048576K
}
Event: 5.354 GC heap before
{Heap before GC invocations=4 (full 0):
 def new generation   total 8000K, used 8000K [0x00000000e6000000, 0x00000000e68a0000, 0x00000000eeaa0000)
  eden space 7168K, 100% used [0x00000000e6000000, 0x00000000e6700000, 0x00000000e6700000)
  from space 832K, 100% used [0x00000000e6700000, 0x00000000e67d0000, 0x00000000e67d0000)
  to   space 832K,   0% used [0x00000000e67d0000, 0x00000000e67d0000, 0x00000000e68a0000)
 tenured generation   total 17792K, used 4613K [0x00000000eeaa0000, 0x00000000efc00000, 0x0000000100000000)
   the space 17792K,  25% used [0x00000000eeaa0000, 0x00000000eef216e8, 0x00000000eef21800, 0x00000000efc00000)
 Metaspace       used 13764K, capacity 14228K, committed 14464K, reserved 1062912K
  class space    used 1701K, capacity 1846K, committed 1920K, reserved 1048576K
Event: 5.360 GC heap after
Heap after GC invocations=5 (full 0):
 def new generation   total 8000K, used 831K [0x00000000e6000000, 0x00000000e68a0000, 0x00000000eeaa0000)
  eden space 7168K,   0% used [0x00000000e6000000, 0x00000000e6000000, 0x00000000e6700000)
  from space 832K,  99% used [0x00000000e67d0000, 0x00000000e689fff0, 0x00000000e68a0000)
  to   space 832K,   0% used [0x00000000e6700000, 0x00000000e6700000, 0x00000000e67d0000)
 tenured generation   total 17792K, used 5219K [0x00000000eeaa0000, 0x00000000efc00000, 0x0000000100000000)
   the space 17792K,  29% used [0x00000000eeaa0000, 0x00000000eefb8ce8, 0x00000000eefb8e00, 0x00000000efc00000)
 Metaspace       used 13764K, capacity 14228K, committed 14464K, reserved 1062912K
  class space    used 1701K, capacity 1846K, committed 1920K, reserved 1048576K
}
Event: 6.175 GC heap before
{Heap before GC invocations=5 (full 0):
 def new generation   total 8000K, used 7999K [0x00000000e6000000, 0x00000000e68a0000, 0x00000000eeaa0000)
  eden space 7168K, 100% used [0x00000000e6000000, 0x00000000e6700000, 0x00000000e6700000)
  from space 832K,  99% used [0x00000000e67d0000, 0x00000000e689fff0, 0x00000000e68a0000)
  to   space 832K,   0% used [0x00000000e6700000, 0x00000000e6700000, 0x00000000e67d0000)
 tenured generation   total 17792K, used 5219K [0x00000000eeaa0000, 0x00000000efc00000, 0x0000000100000000)
   the space 17792K,  29% used [0x00000000eeaa0000, 0x00000000eefb8ce8, 0x00000000eefb8e00, 0x00000000efc00000)
 Metaspace       used 14630K, capacity 15174K, committed 15360K, reserved 1062912K
  class space    used 1793K, capacity 1947K, committed 2048K, reserved 1048576K
Event: 6.183 GC heap after
Heap after GC invocations=6 (full 0):
 def new generation   total 8000K, used 832K [0x00000000e6000000, 0x00000000e68a0000, 0x00000000eeaa0000)
  eden space 7168K,   0% used [0x00000000e6000000, 0x00000000e6000000, 0x00000000e6700000)
  from space 832K, 100% used [0x00000000e6700000, 0x00000000e67d0000, 0x00000000e67d0000)
  to   space 832K,   0% used [0x00000000e67d0000, 0x00000000e67d0000, 0x00000000e68a0000)
 tenured generation   total 17792K, used 6285K [0x00000000eeaa0000, 0x00000000efc00000, 0x0000000100000000)
   the space 17792K,  35% used [0x00000000eeaa0000, 0x00000000ef0c36a8, 0x00000000ef0c3800, 0x00000000efc00000)
 Metaspace       used 14630K, capacity 15174K, committed 15360K, reserved 1062912K
  class space    used 1793K, capacity 1947K, committed 2048K, reserved 1048576K
}
Event: 6.507 GC heap before
{Heap before GC invocations=6 (full 0):
 def new generation   total 8000K, used 8000K [0x00000000e6000000, 0x00000000e68a0000, 0x00000000eeaa0000)
  eden space 7168K, 100% used [0x00000000e6000000, 0x00000000e6700000, 0x00000000e6700000)
  from space 832K, 100% used [0x00000000e6700000, 0x00000000e67d0000, 0x00000000e67d0000)
  to   space 832K,   0% used [0x00000000e67d0000, 0x00000000e67d0000, 0x00000000e68a0000)
 tenured generation   total 17792K, used 6285K [0x00000000eeaa0000, 0x00000000efc00000, 0x0000000100000000)
   the space 17792K,  35% used [0x00000000eeaa0000, 0x00000000ef0c36a8, 0x00000000ef0c3800, 0x00000000efc00000)
 Metaspace       used 15200K, capacity 15732K, committed 15872K, reserved 1062912K
  class space    used 1854K, capacity 2022K, committed 2048K, reserved 1048576K
Event: 6.514 GC heap after
Heap after GC invocations=7 (full 0):
 def new generation   total 8000K, used 831K [0x00000000e6000000, 0x00000000e68a0000, 0x00000000eeaa0000)
  eden space 7168K,   0% used [0x00000000e6000000, 0x00000000e6000000, 0x00000000e6700000)
  from space 832K,  99% used [0x00000000e67d0000, 0x00000000e689fff8, 0x00000000e68a0000)
  to   space 832K,   0% used [0x00000000e6700000, 0x00000000e6700000, 0x00000000e67d0000)
 tenured generation   total 17792K, used 7293K [0x00000000eeaa0000, 0x00000000efc00000, 0x0000000100000000)
   the space 17792K,  40% used [0x00000000eeaa0000, 0x00000000ef1bf570, 0x00000000ef1bf600, 0x00000000efc00000)
 Metaspace       used 15200K, capacity 15732K, committed 15872K, reserved 1062912K
  class space    used 1854K, capacity 2022K, committed 2048K, reserved 1048576K
}

